Update date : Wed Jan 29 09:58:28 CET 2020
 
 Table 'alerte' found in repository
 (=) table 'alerte' unchanged
 
 Table 'baremekm' found in repository
 (=) table 'baremekm' unchanged
 
 Table 'calendrier' found in repository
 (=) table 'calendrier' unchanged
 
 Table 'client' found in repository
 . Column 'id' deleted
 . Column 'clientid' added
 (*) table 'client' updated : 2 change(s)
 
 Table 'conge' found in repository
 . Column 'id' deleted
 . Column 'congeid' added
 (*) table 'conge' updated : 2 change(s)
 
 Table 'consultant' found in repository
 . Column 'id' deleted
 . Column 'consultantid' added
 (*) table 'consultant' updated : 2 change(s)
 
 Table 'consultantcontrat' found in repository
 (=) table 'consultantcontrat' unchanged
 
 Table 'consultantcontratfournisseur' found in repository
 (=) table 'consultantcontratfournisseur' unchanged
 
 Table 'contrat' found in repository
 . Column 'id' deleted
 . Column 'contratid' added
 (*) table 'contrat' updated : 2 change(s)
 
 Table 'contratfournisseur' found in repository
 . Column 'id' deleted
 . Column 'contratfournisseurid' added
 (*) table 'contratfournisseur' updated : 2 change(s)
 
 Table 'contratfournisseurid' found in repository
 . Column 'id' deleted
 . Column 'contratfournisseuridid' added
 (*) table 'contratfournisseurid' updated : 2 change(s)
 
 Table 'contratid' found in repository
 . Column 'id' deleted
 . Column 'contratidid' added
 (*) table 'contratid' updated : 2 change(s)
 
 Table 'cra' found in repository
 . Column 'id' deleted
 . Column 'craid' added
 (*) table 'cra' updated : 2 change(s)
 
 Table 'craunit' found in repository
 (=) table 'craunit' unchanged
 
 Table 'document' found in repository
 . Column 'id' deleted
 . Column 'documentid' added
 (*) table 'document' updated : 2 change(s)
 
 Table 'echeancecontrat' found in repository
 . Column 'id' deleted
 . Column 'echeancecontratid' added
 (*) table 'echeancecontrat' updated : 2 change(s)
 
 Table 'echeancecontratfournisseur' found in repository
 . Column 'id' deleted
 . Column 'echeancecontratfournisseurid' added
 (*) table 'echeancecontratfournisseur' updated : 2 change(s)
 
 Table 'exercice' found in repository
 (=) table 'exercice' unchanged
 
 Table 'fournisseur' found in repository
 . Column 'id' deleted
 . Column 'fournisseurid' added
 (*) table 'fournisseur' updated : 2 change(s)
 
 Table 'frais' found in repository
 . Column 'id' deleted
 . Column 'fraisid' added
 (*) table 'frais' updated : 2 change(s)
 
 Table 'fraiskmunit' found in repository
 . Column 'id' deleted
 . Column 'fraiskmunitid' added
 (*) table 'fraiskmunit' updated : 2 change(s)
 
 Table 'fraisunit' found in repository
 . Column 'id' deleted
 . Column 'fraisunitid' added
 (*) table 'fraisunit' updated : 2 change(s)
 
 Table 'liencontrat' found in repository
 (=) table 'liencontrat' unchanged
 
 Table 'liste' found in repository
 (=) table 'liste' unchanged
 
 Table 'listeattr' found in repository
 (=) table 'listeattr' unchanged
 
 Table 'menu' found in repository
 (=) table 'menu' unchanged
 
 Table 'periode' found in repository
 (=) table 'periode' unchanged
 
 Table 'postebudgetaire' found in repository
 (=) table 'postebudgetaire' unchanged
 
 Table 'profil' found in repository
 (=) table 'profil' unchanged
 
 Table 'rapport' found in repository
 . Column 'id' deleted
 . Column 'rapportid' added
 (*) table 'rapport' updated : 2 change(s)
 
 Table 'rapportcolonne' found in repository
 . Column 'id' deleted
 . Column 'rapportcolonneid' added
 (*) table 'rapportcolonne' updated : 2 change(s)
 
 Table 'rapportcommande' found in repository
 . Column 'id' deleted
 . Column 'rapportcommandeid' added
 (*) table 'rapportcommande' updated : 2 change(s)
 
 Table 'rapportparametre' found in repository
 . Column 'id' deleted
 . Column 'rapportparametreid' added
 (*) table 'rapportparametre' updated : 2 change(s)
 
 Table 'rapportparametrepool' found in repository
 . Column 'id' deleted
 . Column 'rapportparametrepoolid' added
 (*) table 'rapportparametrepool' updated : 2 change(s)
 
 Table 'rapportrequete' found in repository
 . Column 'id' deleted
 . Column 'rapportrequeteid' added
 (*) table 'rapportrequete' updated : 2 change(s)
 
 Table 'reliquat' found in repository
 (=) table 'reliquat' unchanged
 
 Table 'rubrique' found in repository
 (=) table 'rubrique' unchanged
 
 Table 'rubriquefrais' found in repository
 (=) table 'rubriquefrais' unchanged
 
 Table 'valocontrat' found in repository
 . Column 'id' deleted
 . Column 'valocontratid' added
 (*) table 'valocontrat' updated : 2 change(s)
