Update date : Mon Feb 17 11:01:26 CET 2020
 
 Table 'alerte' found in repository
 (=) table 'alerte' unchanged
 
 Table 'baremekm' found in repository
 (=) table 'baremekm' unchanged
 
 Table 'calendrier' found in repository
 (=) table 'calendrier' unchanged
 
 Table 'client' found in repository
 (=) table 'client' unchanged
 
 Table 'conge' found in repository
 (=) table 'conge' unchanged
 
 Table 'consultant' found in repository
 . Column 'consultantid' : Comment changed to Id consultant
 . Column 'consultantid' updated
 . Column 'nom' : Comment changed to Nom
 . Column 'nom' updated
 . Column 'prenom' : Comment changed to Prénom
 . Column 'prenom' updated
 . Column 'trigramme' : Comment changed to Trigramme
 . Column 'trigramme' updated
 . Column 'user_login' : Comment changed to Login
 . Column 'user_login' updated
 . Column 'user_password' : Comment changed to Mot de passe
 . Column 'user_password' updated
 . Column 'adresse1' : Comment changed to Adresse 1
 . Column 'adresse1' updated
 . Column 'adresse2' : Comment changed to Adresse 2
 . Column 'adresse2' updated
 . Column 'tel_portable' : Comment changed to Téléphone Portable
 . Column 'tel_portable' updated
 . Column 'tel_travail' : Comment changed to Téléphone travail
 . Column 'tel_travail' updated
 . Column 'tel_domicile' : Comment changed to Téléphone Domicile
 . Column 'tel_domicile' updated
 . Column 'codeprofil' : Comment changed to Code Profil
 . Column 'codeprofil' updated
 . Column 'datefin' : Comment changed to Date fin
 . Column 'datefin' updated
 . Column 'email' : Comment changed to Email
 . Column 'email' updated
 . Column 'datedebut' : Comment changed to Date Début
 . Column 'datedebut' updated
 . Column 'codepostal' : Comment changed to Code Postal
 . Column 'codepostal' updated
 . Column 'ville' : Comment changed to Ville
 . Column 'ville' updated
 . Column 'lieunaissance' : Comment changed to Lieu de Naissance
 . Column 'lieunaissance' updated
 . Column 'datenaissance' : Comment changed to Date de Naissance
 . Column 'datenaissance' updated
 . Column 'telimei' : Comment changed to Téléphone IMEI
 . Column 'telimei' updated
 . Column 'telcontrat' : Comment changed to N° Contrat Téléphone
 . Column 'telcontrat' updated
 . Column 'telecheance' : Comment changed to Téléphone Echéance
 . Column 'telecheance' updated
 . Column 'vehpersimmat' : Comment changed to Immat V.Pers
 . Column 'vehpersimmat' updated
 . Column 'vehproimmat' : Comment changed to Immat V.Pro
 . Column 'vehproimmat' updated
 . Column 'vehproass' : Comment changed to Ass V.Pro
 . Column 'vehproass' updated
 . Column 'vehperscv' : Comment changed to V.pers cv
 . Column 'vehperscv' updated
 . Column 'vehprocv' : Comment changed to V.pro cv
 . Column 'vehprocv' updated
 . Column 'vehpermis' : Comment changed to Permis Véhicule
 . Column 'vehpermis' updated
 . Column 'vehpersmodele' : Comment changed to V.Pers Modèle
 . Column 'vehpersmodele' updated
 . Column 'vehpromodele' : Comment changed to V.Pro modèle
 . Column 'vehpromodele' updated
 . Column 'vehprorevision' : Comment changed to V.Pro révision
 . Column 'vehprorevision' updated
 . Column 'vehprotauxspec' : Comment changed to V.pro taux
 . Column 'vehprotauxspec' updated
 . Column 'ordmodele' : Comment changed to Modèle Ord
 . Column 'ordmodele' updated
 . Column 'orddate' : Comment changed to Date Ord
 . Column 'orddate' updated
 . Column 'ordmontantht' : Comment changed to Montant HT Ord
 . Column 'ordmontantht' updated
 . Column 'ordinfo' : Comment changed to Ord Info
 . Column 'ordinfo' updated
 . Column 'adslplaf' : Comment changed to Plafond Adsl
 . Column 'adslplaf' updated
 . Column 'telpersplaf' : Comment changed to Tél.Pers Plafond
 . Column 'telpersplaf' updated
 . Column 'trspkmsiege' : Comment changed to Trajet Siège
 . Column 'trspkmsiege' updated
 . Column 'trspnbkmsiege' : Comment changed to Nb km siège
 . Column 'trspnbkmsiege' updated
 . Column 'trspcarte' : Comment changed to Carte transport
 . Column 'trspcarte' updated
 . Column 'societe' : Comment changed to Société
 . Column 'societe' updated
 . Column 'comptendf' : Comment changed to Compte Note de frais
 . Column 'comptendf' updated
 (*) table 'consultant' updated : 43 change(s)
 
 Table 'consultantcontrat' found in repository
 (=) table 'consultantcontrat' unchanged
 
 Table 'consultantcontratfournisseur' found in repository
 (=) table 'consultantcontratfournisseur' unchanged
 
 Table 'contrat' found in repository
 (=) table 'contrat' unchanged
 
 Table 'contratfournisseur' found in repository
 (=) table 'contratfournisseur' unchanged
 
 Table 'contratfournisseurid' found in repository
 (=) table 'contratfournisseurid' unchanged
 
 Table 'contratid' found in repository
 (=) table 'contratid' unchanged
 
 Table 'cra' found in repository
 (=) table 'cra' unchanged
 
 Table 'craunit' found in repository
 (=) table 'craunit' unchanged
 
 Table 'document' found in repository
 (=) table 'document' unchanged
 
 Table 'echeancecontrat' found in repository
 (=) table 'echeancecontrat' unchanged
 
 Table 'echeancecontratfournisseur' found in repository
 (=) table 'echeancecontratfournisseur' unchanged
 
 Table 'exercice' found in repository
 (=) table 'exercice' unchanged
 
 Table 'fournisseur' found in repository
 (=) table 'fournisseur' unchanged
 
 Table 'frais' found in repository
 (=) table 'frais' unchanged
 
 Table 'fraiskmunit' found in repository
 (=) table 'fraiskmunit' unchanged
 
 Table 'fraisunit' found in repository
 (=) table 'fraisunit' unchanged
 
 Table 'liencontrat' found in repository
 (=) table 'liencontrat' unchanged
 
 Table 'liste' found in repository
 (=) table 'liste' unchanged
 
 Table 'listeattr' found in repository
 (=) table 'listeattr' unchanged
 
 Table 'menu' found in repository
 . Column 'codemenu' : Comment changed to Code Menu
 . Column 'codemenu' updated
 . Column 'url' : Comment changed to Url
 . Column 'url' updated
 . Column 'image' : Comment changed to Image
 . Column 'image' updated
 . Column 'nom' : Comment changed to Nom
 . Column 'nom' updated
 . Column 'profils' : Comment changed to Profils
 . Column 'profils' updated
 (*) table 'menu' updated : 5 change(s)
 
 Table 'periode' found in repository
 (=) table 'periode' unchanged
 
 Table 'postebudgetaire' found in repository
 (=) table 'postebudgetaire' unchanged
 
 Table 'profil' found in repository
 (=) table 'profil' unchanged
 
 Table 'rapport' found in repository
 (=) table 'rapport' unchanged
 
 Table 'rapportcolonne' found in repository
 (=) table 'rapportcolonne' unchanged
 
 Table 'rapportcommande' found in repository
 (=) table 'rapportcommande' unchanged
 
 Table 'rapportparametre' found in repository
 (=) table 'rapportparametre' unchanged
 
 Table 'rapportparametrepool' found in repository
 (=) table 'rapportparametrepool' unchanged
 
 Table 'rapportrequete' found in repository
 (=) table 'rapportrequete' unchanged
 
 Table 'reliquat' found in repository
 (=) table 'reliquat' unchanged
 
 Table 'rubrique' found in repository
 (=) table 'rubrique' unchanged
 
 Table 'rubriquefrais' found in repository
 (=) table 'rubriquefrais' unchanged
 
 Table 'valocontrat' found in repository
 (=) table 'valocontrat' unchanged
